#
# A fatal error has been detected by the Java Runtime Environment:
#
#  Internal Error (generateOopMap.cpp:2165), pid=12804, tid=6048
#  fatal error: Illegal class file encountered. Try running with -Xverify:all in method locators
#
# JRE version: Java(TM) SE Runtime Environment (17.0.11+7) (build 17.0.11+7-LTS-207)
# Java VM: Java HotSpot(TM) 64-Bit Server VM (17.0.11+7-LTS-207, mixed mode, sharing, tiered, compressed oops, compressed class ptrs, g1 gc, windows-amd64)
# No core dump will be written. Minidumps are not enabled by default on client versions of Windows
#
# If you would like to submit a bug report, please visit:
#   https://bugreport.java.com/bugreport/crash.jsp
#

---------------  S U M M A R Y ------------

Command Line: -XX:+ShowCodeDetailsInExceptionMessages -agentlib:jdwp=transport=dt_socket,suspend=y,address=localhost:61451 -javaagent:C:\Users\Sulfath Roseen\eclipse\java-2021-09\eclipse\configuration\org.eclipse.osgi\222\0\.cp\lib\javaagent-shaded.jar -Dfile.encoding=UTF-8 testscript.WebElementCommands

Host: 13th Gen Intel(R) Core(TM) i5-1335U, 12 cores, 15G,  Windows 11 , 64 bit Build 22621 (10.0.22621.4391)
Time: Wed Jan  8 08:18:45 2025 India Standard Time elapsed time: 2233.312274 seconds (0d 0h 37m 13s)

---------------  T H R E A D  ---------------

Current thread (0x0000023aedab0e40):  VMThread "VM Thread" [stack: 0x000000413e200000,0x000000413e300000] [id=6048]

Stack: [0x000000413e200000,0x000000413e300000]
Native frames: (J=compiled Java code, j=interpreted, Vv=VM code, C=native code)
V  [jvm.dll+0x679cca]
V  [jvm.dll+0x7da13d]
V  [jvm.dll+0x7dba83]
V  [jvm.dll+0x2446fb]
V  [jvm.dll+0x337e64]
V  [jvm.dll+0x333d8b]
V  [jvm.dll+0x33620d]
V  [jvm.dll+0x3368de]
V  [jvm.dll+0x333f90]
V  [jvm.dll+0x333171]
V  [jvm.dll+0x668753]
V  [jvm.dll+0x668441]
V  [jvm.dll+0x62e2e8]
V  [jvm.dll+0x7d14a5]
V  [jvm.dll+0x529442]
V  [jvm.dll+0x7e09eb]
V  [jvm.dll+0x7e1724]
V  [jvm.dll+0x7e1c3d]
V  [jvm.dll+0x7e2014]
V  [jvm.dll+0x7e20e0]
V  [jvm.dll+0x78a85a]
V  [jvm.dll+0x678bb5]
C  [ucrtbase.dll+0x29333]
C  [KERNEL32.DLL+0x1259d]
C  [ntdll.dll+0x5af38]

VM_Operation (0x000000413eeff900): get/set locals, mode: safepoint, requested by thread 0x0000023aedd3e040


---------------  P R O C E S S  ---------------

Threads class SMR info:
_java_thread_list=0x0000023af27290c0, length=21, elements={
0x0000023acaaba7d0, 0x0000023aedab6a50, 0x0000023aedab78d0, 0x0000023aedaca020,
0x0000023aedacdf00, 0x0000023aedace8c0, 0x0000023aedbd0470, 0x0000023aedbd1120,
0x0000023aedbd1bd0, 0x0000023aedbd45e0, 0x0000023aedcf4380, 0x0000023aedd3e040,
0x0000023aede29960, 0x0000023aede29e50, 0x0000023af265df50, 0x0000023af2c54920,
0x0000023af2b30070, 0x0000023af2b30550, 0x0000023af2b30a30, 0x0000023af2c10a10,
0x0000023af2c0e6a0
}

Java Threads: ( => current thread )
  0x0000023acaaba7d0 JavaThread "main" [_thread_blocked, id=17820, stack(0x000000413dc00000,0x000000413dd00000)]
  0x0000023aedab6a50 JavaThread "Reference Handler" daemon [_thread_blocked, id=26252, stack(0x000000413e300000,0x000000413e400000)]
  0x0000023aedab78d0 JavaThread "Finalizer" daemon [_thread_blocked, id=18580, stack(0x000000413e400000,0x000000413e500000)]
  0x0000023aedaca020 JavaThread "Signal Dispatcher" daemon [_thread_blocked, id=12592, stack(0x000000413e500000,0x000000413e600000)]
  0x0000023aedacdf00 JavaThread "Attach Listener" daemon [_thread_blocked, id=24088, stack(0x000000413e600000,0x000000413e700000)]
  0x0000023aedace8c0 JavaThread "Service Thread" daemon [_thread_blocked, id=10576, stack(0x000000413e700000,0x000000413e800000)]
  0x0000023aedbd0470 JavaThread "Monitor Deflation Thread" daemon [_thread_blocked, id=12460, stack(0x000000413e800000,0x000000413e900000)]
  0x0000023aedbd1120 JavaThread "C2 CompilerThread0" daemon [_thread_blocked, id=11808, stack(0x000000413e900000,0x000000413ea00000)]
  0x0000023aedbd1bd0 JavaThread "C1 CompilerThread0" daemon [_thread_blocked, id=13460, stack(0x000000413ea00000,0x000000413eb00000)]
  0x0000023aedbd45e0 JavaThread "Sweeper thread" daemon [_thread_blocked, id=6424, stack(0x000000413eb00000,0x000000413ec00000)]
  0x0000023aedcf4380 JavaThread "Common-Cleaner" daemon [_thread_blocked, id=18180, stack(0x000000413ec00000,0x000000413ed00000)]
  0x0000023aedd3e040 JavaThread "JDWP Transport Listener: dt_socket" daemon [_thread_blocked, id=3840, stack(0x000000413ee00000,0x000000413ef00000)]
  0x0000023aede29960 JavaThread "JDWP Event Helper Thread" daemon [_thread_blocked, id=24612, stack(0x000000413ef00000,0x000000413f000000)]
  0x0000023aede29e50 JavaThread "JDWP Command Reader" daemon [_thread_in_native, id=14224, stack(0x000000413f000000,0x000000413f100000)]
  0x0000023af265df50 JavaThread "Notification Thread" daemon [_thread_blocked, id=26528, stack(0x000000413f100000,0x000000413f200000)]
  0x0000023af2c54920 JavaThread "HttpClient-1-SelectorManager" daemon [_thread_in_native, id=11152, stack(0x000000413fc00000,0x000000413fd00000)]
  0x0000023af2b30070 JavaThread "External Process Output Forwarder - C:\Users\Sulfath Roseen\.cache\selenium\chromedriver\win64\131.0.6778.264\chromedriver.exe" daemon [_thread_in_native, id=9288, stack(0x000000413fd00000,0x000000413fe00000)]
  0x0000023af2b30550 JavaThread "Driver Service Executor" daemon [_thread_blocked, id=1968, stack(0x000000413fe00000,0x000000413ff00000)]
  0x0000023af2b30a30 JavaThread "Driver Service Executor" daemon [_thread_blocked, id=25652, stack(0x000000413ff00000,0x0000004140000000)]
  0x0000023af2c10a10 JavaThread "CompletableFutureDelayScheduler" daemon [_thread_blocked, id=21228, stack(0x0000004140400000,0x0000004140500000)]
  0x0000023af2c0e6a0 JavaThread "HttpClient-2-SelectorManager" daemon [_thread_in_native, id=4888, stack(0x0000004140800000,0x0000004140900000)]

Other Threads:
=>0x0000023aedab0e40 VMThread "VM Thread" [stack: 0x000000413e200000,0x000000413e300000] [id=6048]
  0x0000023acab40dc0 WatcherThread [stack: 0x000000413f200000,0x000000413f300000] [id=17140]
  0x0000023acab25160 GCTaskThread "GC Thread#0" [stack: 0x000000413dd00000,0x000000413de00000] [id=9484]
  0x0000023af2b66f30 GCTaskThread "GC Thread#1" [stack: 0x000000413f300000,0x000000413f400000] [id=16624]
  0x0000023af2b671f0 GCTaskThread "GC Thread#2" [stack: 0x000000413f400000,0x000000413f500000] [id=18020]
  0x0000023af2b674b0 GCTaskThread "GC Thread#3" [stack: 0x000000413f500000,0x000000413f600000] [id=16712]
  0x0000023af2b67f80 GCTaskThread "GC Thread#4" [stack: 0x000000413f600000,0x000000413f700000] [id=9320]
  0x0000023af2b68240 GCTaskThread "GC Thread#5" [stack: 0x000000413f700000,0x000000413f800000] [id=25300]
  0x0000023af2a69450 GCTaskThread "GC Thread#6" [stack: 0x000000413f800000,0x000000413f900000] [id=12836]
  0x0000023af2a6b720 GCTaskThread "GC Thread#7" [stack: 0x000000413f900000,0x000000413fa00000] [id=17660]
  0x0000023af2a6b9e0 GCTaskThread "GC Thread#8" [stack: 0x000000413fa00000,0x000000413fb00000] [id=22224]
  0x0000023af3060e20 GCTaskThread "GC Thread#9" [stack: 0x000000413fb00000,0x000000413fc00000] [id=19080]
  0x0000023acab35c30 ConcurrentGCThread "G1 Main Marker" [stack: 0x000000413de00000,0x000000413df00000] [id=18136]
  0x0000023acab37650 ConcurrentGCThread "G1 Conc#0" [stack: 0x000000413df00000,0x000000413e000000] [id=19760]
  0x0000023acab7d900 ConcurrentGCThread "G1 Refine#0" [stack: 0x000000413e000000,0x000000413e100000] [id=13428]
  0x0000023acab7e330 ConcurrentGCThread "G1 Service" [stack: 0x000000413e100000,0x000000413e200000] [id=16328]

Threads with active compile tasks:

VM state: at safepoint (normal execution)

VM Mutex/Monitor currently owned by a thread:  ([mutex/lock_event])
[0x0000023acaab5070] Threads_lock - owner thread: 0x0000023aedab0e40

Heap address: 0x0000000704800000, size: 4024 MB, Compressed Oops mode: Zero based, Oop shift amount: 3

CDS archive(s) mapped at: [0x0000023a80000000-0x0000023a80bd0000-0x0000023a80bd0000), size 12386304, SharedBaseAddress: 0x0000023a80000000, ArchiveRelocationMode: 1.
Compressed class space mapped at: 0x0000023a81000000-0x0000023ac1000000, reserved size: 1073741824
Narrow klass base: 0x0000023a80000000, Narrow klass shift: 0, Narrow klass range: 0x100000000

GC Precious Log:
 CPUs: 12 total, 12 available
 Memory: 16095M
 Large Page Support: Disabled
 NUMA Support: Disabled
 Compressed Oops: Enabled (Zero based)
 Heap Region Size: 2M
 Heap Min Capacity: 8M
 Heap Initial Capacity: 252M
 Heap Max Capacity: 4024M
 Pre-touch: Disabled
 Parallel Workers: 10
 Concurrent Workers: 3
 Concurrent Refinement Workers: 10
 Periodic GC: Disabled

Heap:
 garbage-first heap   total 258048K, used 22932K [0x0000000704800000, 0x0000000800000000)
  region size 2048K, 11 young (22528K), 2 survivors (4096K)
 Metaspace       used 12539K, committed 12800K, reserved 1114112K
  class space    used 1482K, committed 1600K, reserved 1048576K

Heap Regions: E=young(eden), S=young(survivor), O=old, HS=humongous(starts), HC=humongous(continues), CS=collection set, F=free, OA=open archive, CA=closed archive, TAMS=top-at-mark-start (previous, next)
|   0|0x0000000704800000, 0x0000000704a00000, 0x0000000704a00000|100%| O|  |TAMS 0x0000000704800000, 0x0000000704800000| Untracked 
|   1|0x0000000704a00000, 0x0000000704c00000, 0x0000000704c00000|100%| O|  |TAMS 0x0000000704a00000, 0x0000000704a00000| Untracked 
|   2|0x0000000704c00000, 0x0000000704c05800, 0x0000000704e00000|  1%| O|  |TAMS 0x0000000704c00000, 0x0000000704c00000| Untracked 
|   3|0x0000000704e00000, 0x0000000704e00000, 0x0000000705000000|  0%| F|  |TAMS 0x0000000704e00000, 0x0000000704e00000| Untracked 
|   4|0x0000000705000000, 0x0000000705000000, 0x0000000705200000|  0%| F|  |TAMS 0x0000000705000000, 0x0000000705000000| Untracked 
|   5|0x0000000705200000, 0x0000000705200000, 0x0000000705400000|  0%| F|  |TAMS 0x0000000705200000, 0x0000000705200000| Untracked 
|   6|0x0000000705400000, 0x0000000705400000, 0x0000000705600000|  0%| F|  |TAMS 0x0000000705400000, 0x0000000705400000| Untracked 
|   7|0x0000000705600000, 0x0000000705600000, 0x0000000705800000|  0%| F|  |TAMS 0x0000000705600000, 0x0000000705600000| Untracked 
|   8|0x0000000705800000, 0x0000000705800000, 0x0000000705a00000|  0%| F|  |TAMS 0x0000000705800000, 0x0000000705800000| Untracked 
|   9|0x0000000705a00000, 0x0000000705a00000, 0x0000000705c00000|  0%| F|  |TAMS 0x0000000705a00000, 0x0000000705a00000| Untracked 
|  10|0x0000000705c00000, 0x0000000705c00000, 0x0000000705e00000|  0%| F|  |TAMS 0x0000000705c00000, 0x0000000705c00000| Untracked 
|  11|0x0000000705e00000, 0x0000000705e00000, 0x0000000706000000|  0%| F|  |TAMS 0x0000000705e00000, 0x0000000705e00000| Untracked 
|  12|0x0000000706000000, 0x0000000706000000, 0x0000000706200000|  0%| F|  |TAMS 0x0000000706000000, 0x0000000706000000| Untracked 
|  13|0x0000000706200000, 0x0000000706200000, 0x0000000706400000|  0%| F|  |TAMS 0x0000000706200000, 0x0000000706200000| Untracked 
|  14|0x0000000706400000, 0x0000000706400000, 0x0000000706600000|  0%| F|  |TAMS 0x0000000706400000, 0x0000000706400000| Untracked 
|  15|0x0000000706600000, 0x0000000706600000, 0x0000000706800000|  0%| F|  |TAMS 0x0000000706600000, 0x0000000706600000| Untracked 
|  16|0x0000000706800000, 0x0000000706800000, 0x0000000706a00000|  0%| F|  |TAMS 0x0000000706800000, 0x0000000706800000| Untracked 
|  17|0x0000000706a00000, 0x0000000706a00000, 0x0000000706c00000|  0%| F|  |TAMS 0x0000000706a00000, 0x0000000706a00000| Untracked 
|  18|0x0000000706c00000, 0x0000000706c00000, 0x0000000706e00000|  0%| F|  |TAMS 0x0000000706c00000, 0x0000000706c00000| Untracked 
|  19|0x0000000706e00000, 0x0000000706e00000, 0x0000000707000000|  0%| F|  |TAMS 0x0000000706e00000, 0x0000000706e00000| Untracked 
|  20|0x0000000707000000, 0x0000000707000000, 0x0000000707200000|  0%| F|  |TAMS 0x0000000707000000, 0x0000000707000000| Untracked 
|  21|0x0000000707200000, 0x0000000707200000, 0x0000000707400000|  0%| F|  |TAMS 0x0000000707200000, 0x0000000707200000| Untracked 
|  22|0x0000000707400000, 0x0000000707400000, 0x0000000707600000|  0%| F|  |TAMS 0x0000000707400000, 0x0000000707400000| Untracked 
|  23|0x0000000707600000, 0x0000000707600000, 0x0000000707800000|  0%| F|  |TAMS 0x0000000707600000, 0x0000000707600000| Untracked 
|  24|0x0000000707800000, 0x0000000707800000, 0x0000000707a00000|  0%| F|  |TAMS 0x0000000707800000, 0x0000000707800000| Untracked 
|  25|0x0000000707a00000, 0x0000000707a00000, 0x0000000707c00000|  0%| F|  |TAMS 0x0000000707a00000, 0x0000000707a00000| Untracked 
|  26|0x0000000707c00000, 0x0000000707c00000, 0x0000000707e00000|  0%| F|  |TAMS 0x0000000707c00000, 0x0000000707c00000| Untracked 
|  27|0x0000000707e00000, 0x0000000707e00000, 0x0000000708000000|  0%| F|  |TAMS 0x0000000707e00000, 0x0000000707e00000| Untracked 
|  28|0x0000000708000000, 0x0000000708000000, 0x0000000708200000|  0%| F|  |TAMS 0x0000000708000000, 0x0000000708000000| Untracked 
|  29|0x0000000708200000, 0x0000000708200000, 0x0000000708400000|  0%| F|  |TAMS 0x0000000708200000, 0x0000000708200000| Untracked 
|  30|0x0000000708400000, 0x0000000708400000, 0x0000000708600000|  0%| F|  |TAMS 0x0000000708400000, 0x0000000708400000| Untracked 
|  31|0x0000000708600000, 0x0000000708600000, 0x0000000708800000|  0%| F|  |TAMS 0x0000000708600000, 0x0000000708600000| Untracked 
|  32|0x0000000708800000, 0x0000000708800000, 0x0000000708a00000|  0%| F|  |TAMS 0x0000000708800000, 0x0000000708800000| Untracked 
|  33|0x0000000708a00000, 0x0000000708a00000, 0x0000000708c00000|  0%| F|  |TAMS 0x0000000708a00000, 0x0000000708a00000| Untracked 
|  34|0x0000000708c00000, 0x0000000708c00000, 0x0000000708e00000|  0%| F|  |TAMS 0x0000000708c00000, 0x0000000708c00000| Untracked 
|  35|0x0000000708e00000, 0x0000000708e00000, 0x0000000709000000|  0%| F|  |TAMS 0x0000000708e00000, 0x0000000708e00000| Untracked 
|  36|0x0000000709000000, 0x0000000709000000, 0x0000000709200000|  0%| F|  |TAMS 0x0000000709000000, 0x0000000709000000| Untracked 
|  37|0x0000000709200000, 0x0000000709200000, 0x0000000709400000|  0%| F|  |TAMS 0x0000000709200000, 0x0000000709200000| Untracked 
|  38|0x0000000709400000, 0x0000000709400000, 0x0000000709600000|  0%| F|  |TAMS 0x0000000709400000, 0x0000000709400000| Untracked 
|  39|0x0000000709600000, 0x0000000709600000, 0x0000000709800000|  0%| F|  |TAMS 0x0000000709600000, 0x0000000709600000| Untracked 
|  40|0x0000000709800000, 0x0000000709800000, 0x0000000709a00000|  0%| F|  |TAMS 0x0000000709800000, 0x0000000709800000| Untracked 
|  41|0x0000000709a00000, 0x0000000709a00000, 0x0000000709c00000|  0%| F|  |TAMS 0x0000000709a00000, 0x0000000709a00000| Untracked 
|  42|0x0000000709c00000, 0x0000000709c00000, 0x0000000709e00000|  0%| F|  |TAMS 0x0000000709c00000, 0x0000000709c00000| Untracked 
|  43|0x0000000709e00000, 0x0000000709e00000, 0x000000070a000000|  0%| F|  |TAMS 0x0000000709e00000, 0x0000000709e00000| Untracked 
|  44|0x000000070a000000, 0x000000070a000000, 0x000000070a200000|  0%| F|  |TAMS 0x000000070a000000, 0x000000070a000000| Untracked 
|  45|0x000000070a200000, 0x000000070a200000, 0x000000070a400000|  0%| F|  |TAMS 0x000000070a200000, 0x000000070a200000| Untracked 
|  46|0x000000070a400000, 0x000000070a400000, 0x000000070a600000|  0%| F|  |TAMS 0x000000070a400000, 0x000000070a400000| Untracked 
|  47|0x000000070a600000, 0x000000070a600000, 0x000000070a800000|  0%| F|  |TAMS 0x000000070a600000, 0x000000070a600000| Untracked 
|  48|0x000000070a800000, 0x000000070a800000, 0x000000070aa00000|  0%| F|  |TAMS 0x000000070a800000, 0x000000070a800000| Untracked 
|  49|0x000000070aa00000, 0x000000070aa00000, 0x000000070ac00000|  0%| F|  |TAMS 0x000000070aa00000, 0x000000070aa00000| Untracked 
|  50|0x000000070ac00000, 0x000000070ac00000, 0x000000070ae00000|  0%| F|  |TAMS 0x000000070ac00000, 0x000000070ac00000| Untracked 
|  51|0x000000070ae00000, 0x000000070ae00000, 0x000000070b000000|  0%| F|  |TAMS 0x000000070ae00000, 0x000000070ae00000| Untracked 
|  52|0x000000070b000000, 0x000000070b000000, 0x000000070b200000|  0%| F|  |TAMS 0x000000070b000000, 0x000000070b000000| Untracked 
|  53|0x000000070b200000, 0x000000070b200000, 0x000000070b400000|  0%| F|  |TAMS 0x000000070b200000, 0x000000070b200000| Untracked 
|  54|0x000000070b400000, 0x000000070b400000, 0x000000070b600000|  0%| F|  |TAMS 0x000000070b400000, 0x000000070b400000| Untracked 
|  55|0x000000070b600000, 0x000000070b600000, 0x000000070b800000|  0%| F|  |TAMS 0x000000070b600000, 0x000000070b600000| Untracked 
|  56|0x000000070b800000, 0x000000070b800000, 0x000000070ba00000|  0%| F|  |TAMS 0x000000070b800000, 0x000000070b800000| Untracked 
|  57|0x000000070ba00000, 0x000000070ba00000, 0x000000070bc00000|  0%| F|  |TAMS 0x000000070ba00000, 0x000000070ba00000| Untracked 
|  58|0x000000070bc00000, 0x000000070bc00000, 0x000000070be00000|  0%| F|  |TAMS 0x000000070bc00000, 0x000000070bc00000| Untracked 
|  59|0x000000070be00000, 0x000000070be00000, 0x000000070c000000|  0%| F|  |TAMS 0x000000070be00000, 0x000000070be00000| Untracked 
|  60|0x000000070c000000, 0x000000070c000000, 0x000000070c200000|  0%| F|  |TAMS 0x000000070c000000, 0x000000070c000000| Untracked 
|  61|0x000000070c200000, 0x000000070c200000, 0x000000070c400000|  0%| F|  |TAMS 0x000000070c200000, 0x000000070c200000| Untracked 
|  62|0x000000070c400000, 0x000000070c400000, 0x000000070c600000|  0%| F|  |TAMS 0x000000070c400000, 0x000000070c400000| Untracked 
|  63|0x000000070c600000, 0x000000070c600000, 0x000000070c800000|  0%| F|  |TAMS 0x000000070c600000, 0x000000070c600000| Untracked 
|  64|0x000000070c800000, 0x000000070c800000, 0x000000070ca00000|  0%| F|  |TAMS 0x000000070c800000, 0x000000070c800000| Untracked 
|  65|0x000000070ca00000, 0x000000070ca00000, 0x000000070cc00000|  0%| F|  |TAMS 0x000000070ca00000, 0x000000070ca00000| Untracked 
|  66|0x000000070cc00000, 0x000000070cc00000, 0x000000070ce00000|  0%| F|  |TAMS 0x000000070cc00000, 0x000000070cc00000| Untracked 
|  67|0x000000070ce00000, 0x000000070ce00000, 0x000000070d000000|  0%| F|  |TAMS 0x000000070ce00000, 0x000000070ce00000| Untracked 
|  68|0x000000070d000000, 0x000000070d000000, 0x000000070d200000|  0%| F|  |TAMS 0x000000070d000000, 0x000000070d000000| Untracked 
|  69|0x000000070d200000, 0x000000070d200000, 0x000000070d400000|  0%| F|  |TAMS 0x000000070d200000, 0x000000070d200000| Untracked 
|  70|0x000000070d400000, 0x000000070d400000, 0x000000070d600000|  0%| F|  |TAMS 0x000000070d400000, 0x000000070d400000| Untracked 
|  71|0x000000070d600000, 0x000000070d600000, 0x000000070d800000|  0%| F|  |TAMS 0x000000070d600000, 0x000000070d600000| Untracked 
|  72|0x000000070d800000, 0x000000070d800000, 0x000000070da00000|  0%| F|  |TAMS 0x000000070d800000, 0x000000070d800000| Untracked 
|  73|0x000000070da00000, 0x000000070da00000, 0x000000070dc00000|  0%| F|  |TAMS 0x000000070da00000, 0x000000070da00000| Untracked 
|  74|0x000000070dc00000, 0x000000070dc00000, 0x000000070de00000|  0%| F|  |TAMS 0x000000070dc00000, 0x000000070dc00000| Untracked 
|  75|0x000000070de00000, 0x000000070de00000, 0x000000070e000000|  0%| F|  |TAMS 0x000000070de00000, 0x000000070de00000| Untracked 
|  76|0x000000070e000000, 0x000000070e000000, 0x000000070e200000|  0%| F|  |TAMS 0x000000070e000000, 0x000000070e000000| Untracked 
|  77|0x000000070e200000, 0x000000070e200000, 0x000000070e400000|  0%| F|  |TAMS 0x000000070e200000, 0x000000070e200000| Untracked 
|  78|0x000000070e400000, 0x000000070e400000, 0x000000070e600000|  0%| F|  |TAMS 0x000000070e400000, 0x000000070e400000| Untracked 
|  79|0x000000070e600000, 0x000000070e600000, 0x000000070e800000|  0%| F|  |TAMS 0x000000070e600000, 0x000000070e600000| Untracked 
|  80|0x000000070e800000, 0x000000070e800000, 0x000000070ea00000|  0%| F|  |TAMS 0x000000070e800000, 0x000000070e800000| Untracked 
|  81|0x000000070ea00000, 0x000000070ea00000, 0x000000070ec00000|  0%| F|  |TAMS 0x000000070ea00000, 0x000000070ea00000| Untracked 
|  82|0x000000070ec00000, 0x000000070ec00000, 0x000000070ee00000|  0%| F|  |TAMS 0x000000070ec00000, 0x000000070ec00000| Untracked 
|  83|0x000000070ee00000, 0x000000070ee00000, 0x000000070f000000|  0%| F|  |TAMS 0x000000070ee00000, 0x000000070ee00000| Untracked 
|  84|0x000000070f000000, 0x000000070f000000, 0x000000070f200000|  0%| F|  |TAMS 0x000000070f000000, 0x000000070f000000| Untracked 
|  85|0x000000070f200000, 0x000000070f200000, 0x000000070f400000|  0%| F|  |TAMS 0x000000070f200000, 0x000000070f200000| Untracked 
|  86|0x000000070f400000, 0x000000070f400000, 0x000000070f600000|  0%| F|  |TAMS 0x000000070f400000, 0x000000070f400000| Untracked 
|  87|0x000000070f600000, 0x000000070f600000, 0x000000070f800000|  0%| F|  |TAMS 0x000000070f600000, 0x000000070f600000| Untracked 
|  88|0x000000070f800000, 0x000000070f800000, 0x000000070fa00000|  0%| F|  |TAMS 0x000000070f800000, 0x000000070f800000| Untracked 
|  89|0x000000070fa00000, 0x000000070fa00000, 0x000000070fc00000|  0%| F|  |TAMS 0x000000070fa00000, 0x000000070fa00000| Untracked 
|  90|0x000000070fc00000, 0x000000070fc00000, 0x000000070fe00000|  0%| F|  |TAMS 0x000000070fc00000, 0x000000070fc00000| Untracked 
|  91|0x000000070fe00000, 0x000000070fe00000, 0x0000000710000000|  0%| F|  |TAMS 0x000000070fe00000, 0x000000070fe00000| Untracked 
|  92|0x0000000710000000, 0x0000000710000000, 0x0000000710200000|  0%| F|  |TAMS 0x0000000710000000, 0x0000000710000000| Untracked 
|  93|0x0000000710200000, 0x0000000710200000, 0x0000000710400000|  0%| F|  |TAMS 0x0000000710200000, 0x0000000710200000| Untracked 
|  94|0x0000000710400000, 0x0000000710400000, 0x0000000710600000|  0%| F|  |TAMS 0x0000000710400000, 0x0000000710400000| Untracked 
|  95|0x0000000710600000, 0x0000000710600000, 0x0000000710800000|  0%| F|  |TAMS 0x0000000710600000, 0x0000000710600000| Untracked 
|  96|0x0000000710800000, 0x0000000710800000, 0x0000000710a00000|  0%| F|  |TAMS 0x0000000710800000, 0x0000000710800000| Untracked 
|  97|0x0000000710a00000, 0x0000000710a00000, 0x0000000710c00000|  0%| F|  |TAMS 0x0000000710a00000, 0x0000000710a00000| Untracked 
|  98|0x0000000710c00000, 0x0000000710c00000, 0x0000000710e00000|  0%| F|  |TAMS 0x0000000710c00000, 0x0000000710c00000| Untracked 
|  99|0x0000000710e00000, 0x0000000710e00000, 0x0000000711000000|  0%| F|  |TAMS 0x0000000710e00000, 0x0000000710e00000| Untracked 
| 100|0x0000000711000000, 0x0000000711000000, 0x0000000711200000|  0%| F|  |TAMS 0x0000000711000000, 0x0000000711000000| Untracked 
| 101|0x0000000711200000, 0x0000000711200000, 0x0000000711400000|  0%| F|  |TAMS 0x0000000711200000, 0x0000000711200000| Untracked 
| 102|0x0000000711400000, 0x0000000711400000, 0x0000000711600000|  0%| F|  |TAMS 0x0000000711400000, 0x0000000711400000| Untracked 
| 103|0x0000000711600000, 0x0000000711600000, 0x0000000711800000|  0%| F|  |TAMS 0x0000000711600000, 0x0000000711600000| Untracked 
| 104|0x0000000711800000, 0x0000000711800000, 0x0000000711a00000|  0%| F|  |TAMS 0x0000000711800000, 0x0000000711800000| Untracked 
| 105|0x0000000711a00000, 0x0000000711a00000, 0x0000000711c00000|  0%| F|  |TAMS 0x0000000711a00000, 0x0000000711a00000| Untracked 
| 106|0x0000000711c00000, 0x0000000711c00000, 0x0000000711e00000|  0%| F|  |TAMS 0x0000000711c00000, 0x0000000711c00000| Untracked 
| 107|0x0000000711e00000, 0x0000000711e5f888, 0x0000000712000000| 18%| S|CS|TAMS 0x0000000711e00000, 0x0000000711e00000| Complete 
| 108|0x0000000712000000, 0x0000000712200000, 0x0000000712200000|100%| S|CS|TAMS 0x0000000712000000, 0x0000000712000000| Complete 
| 109|0x0000000712200000, 0x0000000712200000, 0x0000000712400000|  0%| F|  |TAMS 0x0000000712200000, 0x0000000712200000| Untracked 
| 110|0x0000000712400000, 0x0000000712400000, 0x0000000712600000|  0%| F|  |TAMS 0x0000000712400000, 0x0000000712400000| Untracked 
| 111|0x0000000712600000, 0x0000000712600000, 0x0000000712800000|  0%| F|  |TAMS 0x0000000712600000, 0x0000000712600000| Untracked 
| 112|0x0000000712800000, 0x0000000712800000, 0x0000000712a00000|  0%| F|  |TAMS 0x0000000712800000, 0x0000000712800000| Untracked 
| 113|0x0000000712a00000, 0x0000000712a00000, 0x0000000712c00000|  0%| F|  |TAMS 0x0000000712a00000, 0x0000000712a00000| Untracked 
| 114|0x0000000712c00000, 0x0000000712c00000, 0x0000000712e00000|  0%| F|  |TAMS 0x0000000712c00000, 0x0000000712c00000| Untracked 
| 115|0x0000000712e00000, 0x0000000712e00000, 0x0000000713000000|  0%| F|  |TAMS 0x0000000712e00000, 0x0000000712e00000| Untracked 
| 116|0x0000000713000000, 0x0000000713000000, 0x0000000713200000|  0%| F|  |TAMS 0x0000000713000000, 0x0000000713000000| Untracked 
| 117|0x0000000713200000, 0x0000000713400000, 0x0000000713400000|100%| E|  |TAMS 0x0000000713200000, 0x0000000713200000| Complete 
| 118|0x0000000713400000, 0x0000000713600000, 0x0000000713600000|100%| E|CS|TAMS 0x0000000713400000, 0x0000000713400000| Complete 
| 119|0x0000000713600000, 0x0000000713800000, 0x0000000713800000|100%| E|CS|TAMS 0x0000000713600000, 0x0000000713600000| Complete 
| 120|0x0000000713800000, 0x0000000713a00000, 0x0000000713a00000|100%| E|CS|TAMS 0x0000000713800000, 0x0000000713800000| Complete 
| 121|0x0000000713a00000, 0x0000000713c00000, 0x0000000713c00000|100%| E|CS|TAMS 0x0000000713a00000, 0x0000000713a00000| Complete 
| 122|0x0000000713c00000, 0x0000000713e00000, 0x0000000713e00000|100%| E|CS|TAMS 0x0000000713c00000, 0x0000000713c00000| Complete 
| 123|0x0000000713e00000, 0x0000000714000000, 0x0000000714000000|100%| E|CS|TAMS 0x0000000713e00000, 0x0000000713e00000| Complete 
| 124|0x0000000714000000, 0x0000000714200000, 0x0000000714200000|100%| E|CS|TAMS 0x0000000714000000, 0x0000000714000000| Complete 
| 125|0x0000000714200000, 0x0000000714400000, 0x0000000714400000|100%| E|CS|TAMS 0x0000000714200000, 0x0000000714200000| Complete 

Card table byte_map: [0x0000023ae20a0000,0x0000023ae2880000] _byte_map_base: 0x0000023ade87c000

Marking Bits (Prev, Next): (CMBitMap*) 0x0000023acab25780, (CMBitMap*) 0x0000023acab257c0
 Prev Bits: [0x0000023ae3060000, 0x0000023ae6f40000)
 Next Bits: [0x0000023ae6f40000, 0x0000023aeae20000)

Polling page: 0x0000023aca280000

Metaspace:

Usage:
  Non-class:     10.80 MB used.
      Class:      1.45 MB used.
       Both:     12.25 MB used.

Virtual space:
  Non-class space:       64.00 MB reserved,      10.94 MB ( 17%) committed,  1 nodes.
      Class space:        1.00 GB reserved,       1.56 MB ( <1%) committed,  1 nodes.
             Both:        1.06 GB reserved,      12.50 MB (  1%) committed. 

Chunk freelists:
   Non-Class:  5.11 MB
       Class:  14.33 MB
        Both:  19.43 MB

MaxMetaspaceSize: unlimited
CompressedClassSpaceSize: 1.00 GB
Initial GC threshold: 21.00 MB
Current GC threshold: 21.00 MB
CDS: on
MetaspaceReclaimPolicy: balanced
 - commit_granule_bytes: 65536.
 - commit_granule_words: 8192.
 - virtual_space_node_default_size: 8388608.
 - enlarge_chunks_in_place: 1.
 - new_chunks_are_fully_committed: 0.
 - uncommit_free_chunks: 1.
 - use_allocation_guard: 0.
 - handle_deallocations: 1.


Internal statistics:

num_allocs_failed_limit: 0.
num_arena_births: 226.
num_arena_deaths: 0.
num_vsnodes_births: 2.
num_vsnodes_deaths: 0.
num_space_committed: 200.
num_space_uncommitted: 0.
num_chunks_returned_to_freelist: 0.
num_chunks_taken_from_freelist: 500.
num_chunk_merges: 0.
num_chunk_splits: 299.
num_chunks_enlarged: 192.
num_inconsistent_stats: 0.

CodeHeap 'non-profiled nmethods': size=120000Kb used=808Kb max_used=808Kb free=119191Kb
 bounds [0x0000023ad9e40000, 0x0000023ada0b0000, 0x0000023ae1370000]
CodeHeap 'profiled nmethods': size=120000Kb used=3858Kb max_used=3858Kb free=116141Kb
 bounds [0x0000023ad2370000, 0x0000023ad2740000, 0x0000023ad98a0000]
CodeHeap 'non-nmethods': size=5760Kb used=1279Kb max_used=1340Kb free=4480Kb
 bounds [0x0000023ad98a0000, 0x0000023ad9b10000, 0x0000023ad9e40000]
 total_blobs=2430 nmethods=1921 adapters=421
 compilation: enabled
              stopped_count=0, restarted_count=0
 full_count=0

Compilation events (20 events):
Event: 1082.336 Thread 0x0000023aedbd1bd0 1912       3       jdk.internal.net.http.ConnectionPool$ExpiryList::purgeUntil (108 bytes)
Event: 1082.339 Thread 0x0000023aedbd1bd0 nmethod 1912 0x0000023ad2730e10 code [0x0000023ad27310e0, 0x0000023ad2732448]
Event: 1214.452 Thread 0x0000023aedbd1bd0 1913       3       java.util.concurrent.locks.ReentrantLock::unlock (10 bytes)
Event: 1214.453 Thread 0x0000023aedbd1bd0 nmethod 1913 0x0000023ad2732b90 code [0x0000023ad2732d60, 0x0000023ad2733038]
Event: 1214.454 Thread 0x0000023aedbd1bd0 1914       1       java.lang.invoke.MethodHandle::isInvokeSpecial (2 bytes)
Event: 1214.454 Thread 0x0000023aedbd1bd0 nmethod 1914 0x0000023ad9f09310 code [0x0000023ad9f094a0, 0x0000023ad9f09578]
Event: 1416.020 Thread 0x0000023aedbd1120 1915       4       java.util.ArrayList::iterator (9 bytes)
Event: 1416.022 Thread 0x0000023aedbd1120 nmethod 1915 0x0000023ad9f09610 code [0x0000023ad9f097a0, 0x0000023ad9f09898]
Event: 1521.665 Thread 0x0000023aedbd1bd0 1916       3       java.nio.Buffer::flip (20 bytes)
Event: 1521.665 Thread 0x0000023aedbd1bd0 nmethod 1916 0x0000023ad2733190 code [0x0000023ad2733320, 0x0000023ad2733438]
Event: 1521.665 Thread 0x0000023aedbd1bd0 1917       3       java.util.concurrent.atomic.AtomicInteger::compareAndSet (13 bytes)
Event: 1521.666 Thread 0x0000023aedbd1bd0 nmethod 1917 0x0000023ad2733510 code [0x0000023ad27336a0, 0x0000023ad27337d8]
Event: 1748.148 Thread 0x0000023aedbd1bd0 1918       3       java.lang.Module::allows (60 bytes)
Event: 1748.148 Thread 0x0000023aedbd1120 1919       4       java.lang.invoke.MethodTypeForm::canonicalize (74 bytes)
Event: 1748.148 Thread 0x0000023aedbd1bd0 nmethod 1918 0x0000023ad2733890 code [0x0000023ad2733a80, 0x0000023ad27340c8]
Event: 1748.149 Thread 0x0000023aedbd1120 nmethod 1919 0x0000023ad9f09c90 code [0x0000023ad9f09e00, 0x0000023ad9f09eb8]
Event: 1748.153 Thread 0x0000023aedbd1bd0 1921       3       jdk.internal.misc.Unsafe::checkPointer (19 bytes)
Event: 1748.153 Thread 0x0000023aedbd1bd0 nmethod 1921 0x0000023ad2734210 code [0x0000023ad27343e0, 0x0000023ad27347a8]
Event: 2066.802 Thread 0x0000023aedbd1120 1922       4       java.util.ArrayList::clear (43 bytes)
Event: 2066.806 Thread 0x0000023aedbd1120 nmethod 1922 0x0000023ad9f09f90 code [0x0000023ad9f0a100, 0x0000023ad9f0a258]

GC Heap History (4 events):
Event: 0.809 GC heap before
{Heap before GC invocations=0 (full 0):
 garbage-first heap   total 258048K, used 22528K [0x0000000704800000, 0x0000000800000000)
  region size 2048K, 11 young (22528K), 0 survivors (0K)
 Metaspace       used 5388K, committed 5632K, reserved 1114112K
  class space    used 599K, committed 704K, reserved 1048576K
}
Event: 0.812 GC heap after
{Heap after GC invocations=1 (full 0):
 garbage-first heap   total 258048K, used 4314K [0x0000000704800000, 0x0000000800000000)
  region size 2048K, 2 young (4096K), 2 survivors (4096K)
 Metaspace       used 5388K, committed 5632K, reserved 1114112K
  class space    used 599K, committed 704K, reserved 1048576K
}
Event: 1.809 GC heap before
{Heap before GC invocations=1 (full 0):
 garbage-first heap   total 258048K, used 35034K [0x0000000704800000, 0x0000000800000000)
  region size 2048K, 17 young (34816K), 2 survivors (4096K)
 Metaspace       used 11676K, committed 11968K, reserved 1114112K
  class space    used 1377K, committed 1536K, reserved 1048576K
}
Event: 1.815 GC heap after
{Heap after GC invocations=2 (full 0):
 garbage-first heap   total 258048K, used 6548K [0x0000000704800000, 0x0000000800000000)
  region size 2048K, 2 young (4096K), 2 survivors (4096K)
 Metaspace       used 11676K, committed 11968K, reserved 1114112K
  class space    used 1377K, committed 1536K, reserved 1048576K
}

Deoptimization events (20 events):
Event: 1.202 Thread 0x0000023af2c0fff0 DEOPT PACKING pc=0x0000023ad9ed4448 sp=0x00000041403fd160
Event: 1.202 Thread 0x0000023af2c0fff0 DEOPT UNPACKING pc=0x0000023ad98f23a3 sp=0x00000041403fd0e8 mode 2
Event: 1.203 Thread 0x0000023af2c0fff0 Uncommon trap: trap_request=0xffffffde fr.pc=0x0000023ad9ed4448 relative=0x0000000000000128
Event: 1.203 Thread 0x0000023af2c0fff0 Uncommon trap: reason=class_check action=maybe_recompile pc=0x0000023ad9ed4448 method=jdk.internal.misc.Unsafe.allocateUninitializedArray(Ljava/lang/Class;I)Ljava/lang/Object; @ 51 c2
Event: 1.203 Thread 0x0000023af2c0fff0 DEOPT PACKING pc=0x0000023ad9ed4448 sp=0x00000041403fd500
Event: 1.203 Thread 0x0000023af2c0fff0 DEOPT UNPACKING pc=0x0000023ad98f23a3 sp=0x00000041403fd488 mode 2
Event: 1.203 Thread 0x0000023af2c0fff0 Uncommon trap: trap_request=0xffffffde fr.pc=0x0000023ad9ed4448 relative=0x0000000000000128
Event: 1.203 Thread 0x0000023af2c0fff0 Uncommon trap: reason=class_check action=maybe_recompile pc=0x0000023ad9ed4448 method=jdk.internal.misc.Unsafe.allocateUninitializedArray(Ljava/lang/Class;I)Ljava/lang/Object; @ 51 c2
Event: 1.203 Thread 0x0000023af2c0fff0 DEOPT PACKING pc=0x0000023ad9ed4448 sp=0x00000041403fd0f0
Event: 1.203 Thread 0x0000023af2c0fff0 DEOPT UNPACKING pc=0x0000023ad98f23a3 sp=0x00000041403fd078 mode 2
Event: 1.817 Thread 0x0000023acaaba7d0 DEOPT PACKING pc=0x0000023ad24ab799 sp=0x000000413dcfbea0
Event: 1.817 Thread 0x0000023acaaba7d0 DEOPT UNPACKING pc=0x0000023ad98f2b43 sp=0x000000413dcfb450 mode 0
Event: 1.821 Thread 0x0000023acaaba7d0 Uncommon trap: trap_request=0xffffff45 fr.pc=0x0000023ad9eb61d0 relative=0x0000000000001330
Event: 1.821 Thread 0x0000023acaaba7d0 Uncommon trap: reason=unstable_if action=reinterpret pc=0x0000023ad9eb61d0 method=java.util.concurrent.ConcurrentHashMap.putVal(Ljava/lang/Object;Ljava/lang/Object;Z)Ljava/lang/Object; @ 231 c2
Event: 1.821 Thread 0x0000023acaaba7d0 DEOPT PACKING pc=0x0000023ad9eb61d0 sp=0x000000413dcfe9b0
Event: 1.821 Thread 0x0000023acaaba7d0 DEOPT UNPACKING pc=0x0000023ad98f23a3 sp=0x000000413dcfe940 mode 2
Event: 1.855 Thread 0x0000023af2b6d7b0 DEOPT PACKING pc=0x0000023ad24ab799 sp=0x000000413edfc510
Event: 1.855 Thread 0x0000023af2b6d7b0 DEOPT UNPACKING pc=0x0000023ad98f2b43 sp=0x000000413edfbac0 mode 0
Event: 1.875 Thread 0x0000023acaaba7d0 DEOPT PACKING pc=0x0000023ad24ab799 sp=0x000000413dcf7960
Event: 1.875 Thread 0x0000023acaaba7d0 DEOPT UNPACKING pc=0x0000023ad98f2b43 sp=0x000000413dcf6f10 mode 0

Classes unloaded (0 events):
No events

Classes redefined (3 events):
Event: 40.396 Thread 0x0000023aedab0e40 redefined class name=testscript.WebElementCommands, count=1
Event: 947.265 Thread 0x0000023aedab0e40 redefined class name=testscript.WebElementCommands, count=2
Event: 2233.238 Thread 0x0000023aedab0e40 redefined class name=testscript.WebElementCommands, count=3

Internal exceptions (20 events):
Event: 0.897 Thread 0x0000023acaaba7d0 Exception <a 'java/lang/NoSuchMethodError'{0x0000000713b39158}: 'java.lang.Object java.lang.invoke.DirectMethodHandle$Holder.invokeStaticInit(java.lang.Object, int, int, int, int)'> (0x0000000713b39158) 
thrown [s\open\src\hotspot\share\interpreter\linkResolver.cpp, line 759]
Event: 0.918 Thread 0x0000023acaaba7d0 Exception <a 'java/lang/NoSuchMethodError'{0x0000000713bfdfe0}: 'java.lang.Object java.lang.invoke.DirectMethodHandle$Holder.invokeStaticInit(java.lang.Object, java.lang.Object, int, int, int, int)'> (0x0000000713bfdfe0) 
thrown [s\open\src\hotspot\share\interpreter\linkResolver.cpp, line 759]
Event: 0.993 Thread 0x0000023acaaba7d0 Exception <a 'java/lang/NoSuchMethodError'{0x0000000713583290}: 'java.lang.Object java.lang.invoke.DirectMethodHandle$Holder.invokeInterface(java.lang.Object, java.lang.Object, java.lang.Object)'> (0x0000000713583290) 
thrown [s\open\src\hotspot\share\interpreter\linkResolver.cpp, line 759]
Event: 0.994 Thread 0x0000023acaaba7d0 Exception <a 'java/lang/IncompatibleClassChangeError'{0x0000000713586958}: Found class java.lang.Object, but interface was expected> (0x0000000713586958) 
thrown [s\open\src\hotspot\share\interpreter\linkResolver.cpp, line 826]
Event: 0.996 Thread 0x0000023acaaba7d0 Exception <a 'java/lang/NoSuchMethodError'{0x000000071358fa28}: 'int java.lang.invoke.DirectMethodHandle$Holder.invokeSpecialIFC(java.lang.Object, java.lang.Object, java.lang.Object, java.lang.Object)'> (0x000000071358fa28) 
thrown [s\open\src\hotspot\share\interpreter\linkResolver.cpp, line 759]
Event: 0.999 Thread 0x0000023acaaba7d0 Exception <a 'java/lang/NoSuchMethodError'{0x00000007135ec338}: 'java.lang.Object java.lang.invoke.DirectMethodHandle$Holder.invokeVirtual(java.lang.Object, java.lang.Object, java.lang.Object, java.lang.Object)'> (0x00000007135ec338) 
thrown [s\open\src\hotspot\share\interpreter\linkResolver.cpp, line 759]
Event: 1.017 Thread 0x0000023af2c255d0 Exception <a 'java/net/ConnectException'{0x00000007133242c0}: Connection refused: no further information> (0x00000007133242c0) 
thrown [s\open\src\hotspot\share\prims\jni.cpp, line 535]
Event: 1.017 Thread 0x0000023af2c255d0 Exception <a 'java/net/SocketException'{0x00000007133245f8}: Socket is not connected: shutdown> (0x00000007133245f8) 
thrown [s\open\src\hotspot\share\prims\jni.cpp, line 535]
Event: 1.045 Thread 0x0000023af2c255d0 Exception <a 'java/net/ConnectException'{0x0000000713326018}: Connection refused: no further information> (0x0000000713326018) 
thrown [s\open\src\hotspot\share\prims\jni.cpp, line 535]
Event: 1.045 Thread 0x0000023af2c255d0 Exception <a 'java/net/SocketException'{0x0000000713326350}: Socket is not connected: shutdown> (0x0000000713326350) 
thrown [s\open\src\hotspot\share\prims\jni.cpp, line 535]
Event: 1.115 Thread 0x0000023acaaba7d0 Exception <a 'java/lang/NoSuchMethodError'{0x0000000713072500}: 'java.lang.Object java.lang.invoke.DirectMethodHandle$Holder.newInvokeSpecial(java.lang.Object, java.lang.Object, int, int)'> (0x0000000713072500) 
thrown [s\open\src\hotspot\share\interpreter\linkResolver.cpp, line 759]
Event: 1.116 Thread 0x0000023acaaba7d0 Exception <a 'java/lang/NoSuchMethodError'{0x000000071307cfe8}: 'void java.lang.invoke.DirectMethodHandle$Holder.invokeStatic(java.lang.Object, java.lang.Object, int)'> (0x000000071307cfe8) 
thrown [s\open\src\hotspot\share\interpreter\linkResolver.cpp, line 759]
Event: 1.130 Thread 0x0000023acaaba7d0 Exception <a 'java/lang/NoSuchMethodError'{0x000000071310ba10}: 'java.lang.Object java.lang.invoke.DirectMethodHandle$Holder.newInvokeSpecial(java.lang.Object, java.lang.Object, java.lang.Object, java.lang.Object, java.lang.Object)'> (0x000000071310ba10) 
thrown [s\open\src\hotspot\share\interpreter\linkResolver.cpp, line 759]
Event: 1.176 Thread 0x0000023af2c0fff0 Exception <a 'java/lang/NoSuchMethodError'{0x0000000712905a48}: 'java.lang.Object java.lang.invoke.DirectMethodHandle$Holder.invokeSpecial(java.lang.Object, java.lang.Object, java.lang.Object, java.lang.Object, int)'> (0x0000000712905a48) 
thrown [s\open\src\hotspot\share\interpreter\linkResolver.cpp, line 759]
Event: 1.177 Thread 0x0000023af2c0fff0 Exception <a 'java/lang/NoSuchMethodError'{0x0000000712909610}: 'java.lang.Object java.lang.invoke.Invokers$Holder.linkToTargetMethod(java.lang.Object, java.lang.Object, int, java.lang.Object)'> (0x0000000712909610) 
thrown [s\open\src\hotspot\share\interpreter\linkResolver.cpp, line 759]
Event: 1.185 Thread 0x0000023af2c0fff0 Exception <a 'java/lang/NoSuchMethodError'{0x0000000712647bd0}: 'void java.lang.invoke.DirectMethodHandle$Holder.invokeSpecial(java.lang.Object, java.lang.Object, java.lang.Object)'> (0x0000000712647bd0) 
thrown [s\open\src\hotspot\share\interpreter\linkResolver.cpp, line 759]
Event: 1.199 Thread 0x0000023af2c0fff0 Exception <a 'java/lang/NoSuchMethodError'{0x000000071276c1c0}: 'void java.lang.invoke.DirectMethodHandle$Holder.invokeSpecial(java.lang.Object, java.lang.Object, java.lang.Object, java.lang.Object, java.lang.Object)'> (0x000000071276c1c0) 
thrown [s\open\src\hotspot\share\interpreter\linkResolver.cpp, line 759]
Event: 1.774 Thread 0x0000023af2c0e190 Exception <a 'java/lang/NoSuchMethodError'{0x0000000712233eb0}: 'void java.lang.invoke.DirectMethodHandle$Holder.invokeSpecial(java.lang.Object, java.lang.Object, java.lang.Object, java.lang.Object, java.lang.Object, java.lang.Object, java.lang.Object)'> (0x0000000712233eb0) 
thrown [s\open\src\hotspot\share\interpreter\linkResolver.cpp, line 759]
Event: 1.787 Thread 0x0000023acaaba7d0 Exception <a 'java/lang/NoSuchMethodError'{0x00000007122a1a98}: 'java.lang.Object java.lang.invoke.DirectMethodHandle$Holder.invokeSpecialIFC(java.lang.Object, java.lang.Object, java.lang.Object)'> (0x00000007122a1a98) 
thrown [s\open\src\hotspot\share\interpreter\linkResolver.cpp, line 759]
Event: 1748.153 Thread 0x0000023af2c0ebb0 Exception <a 'java/io/IOException'{0x0000000713319530}> (0x0000000713319530) 
thrown [s\open\src\hotspot\share\prims\jni.cpp, line 516]

VM Operations (20 events):
Event: 1214.992 Executing VM operation: Cleanup done
Event: 1748.130 Executing VM operation: Cleanup
Event: 1748.148 Executing VM operation: Cleanup done
Event: 2228.706 Executing VM operation: ChangeBreakpoints
Event: 2228.708 Executing VM operation: ChangeBreakpoints done
Event: 2228.708 Executing VM operation: ChangeBreakpoints
Event: 2228.710 Executing VM operation: ChangeBreakpoints done
Event: 2233.228 Executing VM operation: ChangeSingleStep
Event: 2233.228 Executing VM operation: ChangeSingleStep done
Event: 2233.228 Executing VM operation: ChangeSingleStep
Event: 2233.228 Executing VM operation: ChangeSingleStep done
Event: 2233.234 Executing VM operation: RedefineClasses
Event: 2233.244 Executing VM operation: RedefineClasses done
Event: 2233.255 Executing VM operation: ChangeBreakpoints
Event: 2233.256 Executing VM operation: ChangeBreakpoints done
Event: 2233.260 Executing VM operation: ChangeSingleStep
Event: 2233.260 Executing VM operation: ChangeSingleStep done
Event: 2233.263 Executing VM operation: ChangeSingleStep
Event: 2233.264 Executing VM operation: ChangeSingleStep done
Event: 2233.308 Executing VM operation: get/set locals

Events (20 events):
Event: 1.842 loading class java/util/concurrent/locks/ReentrantReadWriteLock$ReadLock
Event: 1.842 loading class java/util/concurrent/locks/ReentrantReadWriteLock$ReadLock done
Event: 1.842 loading class java/util/concurrent/locks/ReentrantReadWriteLock$WriteLock
Event: 1.842 loading class java/util/concurrent/locks/ReentrantReadWriteLock$WriteLock done
Event: 1.850 loading class sun/net/www/HeaderParser
Event: 1.850 loading class sun/net/www/HeaderParser done
Event: 6.089 Thread 0x0000023af2c0dc80 Thread exited: 0x0000023af2c0dc80
Event: 61.097 Thread 0x0000023af2c255d0 Thread exited: 0x0000023af2c255d0
Event: 61.219 Thread 0x0000023af2c0d770 Thread exited: 0x0000023af2c0d770
Event: 61.860 Thread 0x0000023af2c0f0c0 Thread exited: 0x0000023af2c0f0c0
Event: 61.860 Thread 0x0000023af2c0d260 Thread exited: 0x0000023af2c0d260
Event: 61.860 Thread 0x0000023af2c0ebb0 Thread exited: 0x0000023af2c0ebb0
Event: 61.875 Thread 0x0000023af2b6d7b0 Thread exited: 0x0000023af2b6d7b0
Event: 74.497 Thread 0x0000023af2c0fff0 Thread exited: 0x0000023af2c0fff0
Event: 74.523 Thread 0x0000023af2c0e190 Thread exited: 0x0000023af2c0e190
Event: 74.529 Thread 0x0000023af2c10500 Thread exited: 0x0000023af2c10500
Event: 1521.666 Thread 0x0000023af2c0ebb0 Thread added: 0x0000023af2c0ebb0
Event: 1748.151 loading class java/nio/StringCharBuffer
Event: 1748.151 loading class java/nio/StringCharBuffer done
Event: 1808.167 Thread 0x0000023af2c0ebb0 Thread exited: 0x0000023af2c0ebb0


Dynamic libraries:
0x00007ff7bf1f0000 - 0x00007ff7bf200000 	C:\Program Files\Java\jdk-17\bin\javaw.exe
0x00007ffff7c50000 - 0x00007ffff7e67000 	C:\windows\SYSTEM32\ntdll.dll
0x00007ffff6e10000 - 0x00007ffff6ed4000 	C:\windows\System32\KERNEL32.DLL
0x00007ffff54e0000 - 0x00007ffff589a000 	C:\windows\System32\KERNELBASE.dll
0x00007ffff4f20000 - 0x00007ffff5031000 	C:\windows\System32\ucrtbase.dll
0x00007fffcf580000 - 0x00007fffcf599000 	C:\Program Files\Java\jdk-17\bin\jli.dll
0x00007ffff6d50000 - 0x00007ffff6e02000 	C:\windows\System32\ADVAPI32.dll
0x00007ffff7a10000 - 0x00007ffff7ab7000 	C:\windows\System32\msvcrt.dll
0x00007fffcecc0000 - 0x00007fffcecdb000 	C:\Program Files\Java\jdk-17\bin\VCRUNTIME140.dll
0x00007ffff5ca0000 - 0x00007ffff5d47000 	C:\windows\System32\sechost.dll
0x00007ffff53f0000 - 0x00007ffff5418000 	C:\windows\System32\bcrypt.dll
0x00007ffff68a0000 - 0x00007ffff69b4000 	C:\windows\System32\RPCRT4.dll
0x00007ffff59f0000 - 0x00007ffff5b9e000 	C:\windows\System32\USER32.dll
0x00007ffff5920000 - 0x00007ffff5946000 	C:\windows\System32\win32u.dll
0x00007ffff7670000 - 0x00007ffff7699000 	C:\windows\System32\GDI32.dll
0x00007ffff50c0000 - 0x00007ffff51db000 	C:\windows\System32\gdi32full.dll
0x00007ffff5350000 - 0x00007ffff53ea000 	C:\windows\System32\msvcp_win.dll
0x00007fffd8200000 - 0x00007fffd8492000 	C:\windows\WinSxS\amd64_microsoft.windows.common-controls_6595b64144ccf1df_6.0.22621.4541_none_2710d1c57384c085\COMCTL32.dll
0x00007fffe59c0000 - 0x00007fffe59ca000 	C:\windows\SYSTEM32\VERSION.dll
0x00007ffff6860000 - 0x00007ffff6891000 	C:\windows\System32\IMM32.DLL
0x00007fffcec90000 - 0x00007fffcec9c000 	C:\Program Files\Java\jdk-17\bin\vcruntime140_1.dll
0x00007fffcec00000 - 0x00007fffcec8e000 	C:\Program Files\Java\jdk-17\bin\msvcp140.dll
0x00007fffc7380000 - 0x00007fffc7f60000 	C:\Program Files\Java\jdk-17\bin\server\jvm.dll
0x00007ffff7600000 - 0x00007ffff7608000 	C:\windows\System32\PSAPI.DLL
0x00007fffe95d0000 - 0x00007fffe9604000 	C:\windows\SYSTEM32\WINMM.dll
0x00007fffcebf0000 - 0x00007fffcebf9000 	C:\windows\SYSTEM32\WSOCK32.dll
0x00007ffff6ee0000 - 0x00007ffff6f51000 	C:\windows\System32\WS2_32.dll
0x00007ffff3f30000 - 0x00007ffff3f48000 	C:\windows\SYSTEM32\kernel.appcore.dll
0x00007fffceb40000 - 0x00007fffceb4a000 	C:\Program Files\Java\jdk-17\bin\jimage.dll
0x00007ffff2a70000 - 0x00007ffff2ca2000 	C:\windows\SYSTEM32\DBGHELP.DLL
0x00007ffff69c0000 - 0x00007ffff6d4f000 	C:\windows\System32\combase.dll
0x00007ffff5d50000 - 0x00007ffff5e27000 	C:\windows\System32\OLEAUT32.dll
0x00007fffceab0000 - 0x00007fffceae2000 	C:\windows\SYSTEM32\dbgcore.DLL
0x00007ffff58a0000 - 0x00007ffff591b000 	C:\windows\System32\bcryptPrimitives.dll
0x00007fffee100000 - 0x00007fffee13b000 	C:\Program Files\Java\jdk-17\bin\jdwp.dll
0x00007ffff0250000 - 0x00007ffff025e000 	C:\Program Files\Java\jdk-17\bin\instrument.dll
0x00007fffcea80000 - 0x00007fffceaa5000 	C:\Program Files\Java\jdk-17\bin\java.dll
0x00007fffce9a0000 - 0x00007fffcea77000 	C:\Program Files\Java\jdk-17\bin\jsvml.dll
0x00007ffff5e30000 - 0x00007ffff66a8000 	C:\windows\System32\SHELL32.dll
0x00007ffff2e10000 - 0x00007ffff3718000 	C:\windows\SYSTEM32\windows.storage.dll
0x00007ffff2cd0000 - 0x00007ffff2e0f000 	C:\windows\SYSTEM32\wintypes.dll
0x00007ffff5ba0000 - 0x00007ffff5c9a000 	C:\windows\System32\SHCORE.dll
0x00007ffff7610000 - 0x00007ffff766e000 	C:\windows\System32\shlwapi.dll
0x00007ffff4e50000 - 0x00007ffff4e7b000 	C:\windows\SYSTEM32\profapi.dll
0x00007ffff0230000 - 0x00007ffff023c000 	C:\Program Files\Java\jdk-17\bin\dt_socket.dll
0x00007ffff3970000 - 0x00007ffff399d000 	C:\windows\SYSTEM32\IPHLPAPI.DLL
0x00007ffff43e0000 - 0x00007ffff4449000 	C:\windows\system32\mswsock.dll
0x00007ffff39a0000 - 0x00007ffff3aa2000 	C:\windows\SYSTEM32\DNSAPI.dll
0x00007ffff6850000 - 0x00007ffff6859000 	C:\windows\System32\NSI.dll
0x00007fffeabb0000 - 0x00007fffeabba000 	C:\Windows\System32\rasadhlp.dll
0x00007fffea3e0000 - 0x00007fffea463000 	C:\windows\System32\fwpuclnt.dll
0x00007fffce6b0000 - 0x00007fffce6c8000 	C:\Program Files\Java\jdk-17\bin\zip.dll
0x00007fffce980000 - 0x00007fffce999000 	C:\Program Files\Java\jdk-17\bin\net.dll
0x00007ffff0d80000 - 0x00007ffff0eb6000 	C:\windows\SYSTEM32\WINHTTP.dll
0x00007fffce960000 - 0x00007fffce976000 	C:\Program Files\Java\jdk-17\bin\nio.dll
0x00007fffd0000000 - 0x00007fffd0010000 	C:\Program Files\Java\jdk-17\bin\verify.dll
0x00007ffff4640000 - 0x00007ffff465b000 	C:\windows\SYSTEM32\CRYPTSP.dll
0x00007ffff3e90000 - 0x00007ffff3ec5000 	C:\windows\system32\rsaenh.dll
0x00007ffff44d0000 - 0x00007ffff44f8000 	C:\windows\SYSTEM32\USERENV.dll
0x00007ffff4630000 - 0x00007ffff463c000 	C:\windows\SYSTEM32\CRYPTBASE.dll
0x00007fffed210000 - 0x00007fffed229000 	C:\windows\SYSTEM32\dhcpcsvc6.DLL
0x00007fffed1f0000 - 0x00007fffed20f000 	C:\windows\SYSTEM32\dhcpcsvc.DLL
0x00007fffcffb0000 - 0x00007fffcffbe000 	C:\Program Files\Java\jdk-17\bin\sunmscapi.dll
0x00007ffff51e0000 - 0x00007ffff5346000 	C:\windows\System32\CRYPT32.dll
0x00007ffff47f0000 - 0x00007ffff481d000 	C:\windows\SYSTEM32\ncrypt.dll
0x00007ffff47b0000 - 0x00007ffff47e7000 	C:\windows\SYSTEM32\NTASN1.dll
0x00007fffcff80000 - 0x00007fffcff88000 	C:\windows\system32\wshunix.dll

dbghelp: loaded successfully - version: 4.0.5 - missing functions: none
symbol engine: initialized successfully - sym options: 0x614 - pdb path: .;C:\Program Files\Java\jdk-17\bin;C:\windows\SYSTEM32;C:\windows\WinSxS\amd64_microsoft.windows.common-controls_6595b64144ccf1df_6.0.22621.4541_none_2710d1c57384c085;C:\Program Files\Java\jdk-17\bin\server

VM Arguments:
jvm_args: -XX:+ShowCodeDetailsInExceptionMessages -agentlib:jdwp=transport=dt_socket,suspend=y,address=localhost:61451 -javaagent:C:\Users\Sulfath Roseen\eclipse\java-2021-09\eclipse\configuration\org.eclipse.osgi\222\0\.cp\lib\javaagent-shaded.jar -Dfile.encoding=UTF-8 
java_command: testscript.WebElementCommands
java_class_path (initial): C:\Users\Sulfath Roseen\git\repo1\repo1\Automationcourse\target\test-classes;C:\Users\Sulfath Roseen\git\repo1\repo1\Automationcourse\target\classes;C:\Users\Sulfath Roseen\.m2\repository\org\seleniumhq\selenium\selenium-java\4.27.0\selenium-java-4.27.0.jar;C:\Users\Sulfath Roseen\.m2\repository\org\seleniumhq\selenium\selenium-api\4.27.0\selenium-api-4.27.0.jar;C:\Users\Sulfath Roseen\.m2\repository\org\jspecify\jspecify\1.0.0\jspecify-1.0.0.jar;C:\Users\Sulfath Roseen\.m2\repository\org\seleniumhq\selenium\selenium-chrome-driver\4.27.0\selenium-chrome-driver-4.27.0.jar;C:\Users\Sulfath Roseen\.m2\repository\com\google\auto\service\auto-service-annotations\1.1.1\auto-service-annotations-1.1.1.jar;C:\Users\Sulfath Roseen\.m2\repository\org\seleniumhq\selenium\selenium-chromium-driver\4.27.0\selenium-chromium-driver-4.27.0.jar;C:\Users\Sulfath Roseen\.m2\repository\org\seleniumhq\selenium\selenium-json\4.27.0\selenium-json-4.27.0.jar;C:\Users\Sulfath Roseen\.m2\repository\org\seleniumhq\selenium\selenium-manager\4.27.0\selenium-manager-4.27.0.jar;C:\Users\Sulfath Roseen\.m2\repository\org\seleniumhq\selenium\selenium-devtools-v129\4.27.0\selenium-devtools-v129-4.27.0.jar;C:\Users\Sulfath Roseen\.m2\repository\org\seleniumhq\selenium\selenium-devtools-v130\4.27.0\selenium-devtools-v130-4.27.0.jar;C:\Users\Sulfath Roseen\.m2\repository\org\seleniumhq\selenium\selenium-devtools-v131\4.27.0\selenium-devtools-v131-4.27.0.jar;C:\Users\Sulfath Roseen\.m2\repository\org\seleniumhq\selenium\selenium-devtools-v85\4.27.0\selenium-devtools-v85-4.27.0.jar;C:\Users\Sulfath Roseen\.m2\repository\org\seleniumhq\selenium\selenium-edge-driver\4.27.0\selenium-edge-driver-4.27.0.jar;C:\Users\Sulfath Roseen\.m2\repository\org\seleniumhq\selenium\selenium-firefox-driver\4.27.0\selenium-firefox-driver-4.27.0.jar;C:\Users\Sulfath Roseen\.m2\repository\org\seleniumhq\selenium\selenium-http\4.27.0\selenium-http-4.27.0.jar;C:\Users\Sulfath Roseen\.m2\repository\dev
Launcher Type: SUN_STANDARD

[Global flags]
     intx CICompilerCount                          = 4                                         {product} {ergonomic}
     uint ConcGCThreads                            = 3                                         {product} {ergonomic}
     uint G1ConcRefinementThreads                  = 10                                        {product} {ergonomic}
   size_t G1HeapRegionSize                         = 2097152                                   {product} {ergonomic}
    uintx GCDrainStackTargetSize                   = 64                                        {product} {ergonomic}
   size_t InitialHeapSize                          = 264241152                                 {product} {ergonomic}
   size_t MarkStackSize                            = 4194304                                   {product} {ergonomic}
   size_t MaxHeapSize                              = 4219469824                                {product} {ergonomic}
   size_t MaxNewSize                               = 2531262464                                {product} {ergonomic}
   size_t MinHeapDeltaBytes                        = 2097152                                   {product} {ergonomic}
   size_t MinHeapSize                              = 8388608                                   {product} {ergonomic}
    uintx NonNMethodCodeHeapSize                   = 5839372                                {pd product} {ergonomic}
    uintx NonProfiledCodeHeapSize                  = 122909434                              {pd product} {ergonomic}
    uintx ProfiledCodeHeapSize                     = 122909434                              {pd product} {ergonomic}
    uintx ReservedCodeCacheSize                    = 251658240                              {pd product} {ergonomic}
     bool SegmentedCodeCache                       = true                                      {product} {ergonomic}
     bool ShowCodeDetailsInExceptionMessages       = true                                   {manageable} {command line}
   size_t SoftMaxHeapSize                          = 4219469824                             {manageable} {ergonomic}
     bool UseCompressedClassPointers               = true                           {product lp64_product} {ergonomic}
     bool UseCompressedOops                        = true                           {product lp64_product} {ergonomic}
     bool UseG1GC                                  = true                                      {product} {ergonomic}
     bool UseLargePagesIndividualAllocation        = false                                  {pd product} {ergonomic}

Logging:
Log output configuration:
 #0: stdout all=warning uptime,level,tags
 #1: stderr all=off uptime,level,tags

Environment Variables:
JAVA_HOME=C:\Program Files\Java\jdk-17
PATH=C:\Program Files\Common Files\Oracle\Java\javapath;C:\windows\system32;C:\windows;C:\windows\System32\Wbem;C:\windows\System32\WindowsPowerShell\v1.0\;C:\windows\System32\OpenSSH\;C:\Program Files\Java\jdk-17\bin;C:\Program Files\apache maven\apache-maven-3.9.8\bin;C:\Program Files\Git\cmd;C:\Users\Sulfath Roseen\AppData\Local\Microsoft\WindowsApps;
USERNAME=Sulfath Roseen
OS=Windows_NT
PROCESSOR_IDENTIFIER=Intel64 Family 6 Model 186 Stepping 3, GenuineIntel



---------------  S Y S T E M  ---------------

OS:
 Windows 11 , 64 bit Build 22621 (10.0.22621.4391)
OS uptime: 8 days 1:14 hours
Hyper-V role detected

CPU: total 12 (initial active 12) (6 cores per cpu, 2 threads per core) family 6 model 186 stepping 3 microcode 0x4121, cx8, cmov, fxsr, ht, mmx, 3dnowpref, sse, sse2, sse3, ssse3, sse4.1, sse4.2, popcnt, lzcnt, tsc, tscinvbit, avx, avx2, aes, erms, clmul, bmi1, bmi2, adx, sha, fma, vzeroupper, clflush, clflushopt, clwb, hv

Memory: 4k page, system-wide physical 16095M (5409M free)
TotalPageFile size 18527M (AvailPageFile size 3941M)
current process WorkingSet (physical memory assigned to process): 104M, peak: 135M
current process commit charge ("private bytes"): 366M, peak: 398M

vm_info: Java HotSpot(TM) 64-Bit Server VM (17.0.11+7-LTS-207) for windows-amd64 JRE (17.0.11+7-LTS-207), built on Mar 11 2024 19:01:50 by "mach5one" with MS VC++ 17.6 (VS2022)

END.
